Flow report for laboratorio
Thu Nov 02 15:55:06 2023
Quartus II 64-Bit Version 13.0.1 Build 232 06/12/2013 Service Pack 1 SJ Web Edition


---------------------
; Table of Contents ;
---------------------
  1. Legal Notice
  2. Flow Summary
  3. Flow Settings
  4. Flow Non-Default Global Settings
  5. Flow Elapsed Time
  6. Flow OS Summary
  7. Flow Log
  8. Flow Messages
  9. Flow Suppressed Messages



----------------
; Legal Notice ;
----------------
Copyright (C) 1991-2013 Altera Corporation
Your use of Altera Corporation's design tools, logic functions 
and other software and tools, and its AMPP partner logic 
functions, and any output files from any of the foregoing 
(including device programming or simulation files), and any 
associated documentation or information are expressly subject 
to the terms and conditions of the Altera Program License 
Subscription Agreement, Altera MegaCore Function License 
Agreement, or other applicable license agreement, including, 
without limitation, that your use is for the sole purpose of 
programming logic devices manufactured by Altera and sold by 
Altera or its authorized distributors.  Please refer to the 
applicable agreement for further details.



+--------------------------------------------------------------------------------------+
; Flow Summary                                                                         ;
+------------------------------------+-------------------------------------------------+
; Flow Status                        ; Successful - Thu Nov 02 15:55:05 2023           ;
; Quartus II 64-Bit Version          ; 13.0.1 Build 232 06/12/2013 SP 1 SJ Web Edition ;
; Revision Name                      ; laboratorio                                     ;
; Top-level Entity Name              ; D_FF                                            ;
; Family                             ; Cyclone III                                     ;
; Device                             ; EP3C120F780C7                                   ;
; Timing Models                      ; Final                                           ;
; Total logic elements               ; 1 / 119,088 ( < 1 % )                           ;
;     Total combinational functions  ; 0 / 119,088 ( 0 % )                             ;
;     Dedicated logic registers      ; 1 / 119,088 ( < 1 % )                           ;
; Total registers                    ; 1                                               ;
; Total pins                         ; 3 / 532 ( < 1 % )                               ;
; Total virtual pins                 ; 0                                               ;
; Total memory bits                  ; 0 / 3,981,312 ( 0 % )                           ;
; Embedded Multiplier 9-bit elements ; 0 / 576 ( 0 % )                                 ;
; Total PLLs                         ; 0 / 4 ( 0 % )                                   ;
+------------------------------------+-------------------------------------------------+


+-----------------------------------------+
; Flow Settings                           ;
+-------------------+---------------------+
; Option            ; Setting             ;
+-------------------+---------------------+
; Start date & time ; 10/23/2023 16:06:42 ;
; Main task         ; Compilation         ;
; Revision Name     ; laboratorio         ;
+-------------------+---------------------+


+-------------------------------------------------------------------------------------------------------------------+
; Flow Non-Default Global Settings                                                                                  ;
+-------------------------------------+------------------------------+---------------+-------------+----------------+
; Assignment Name                     ; Value                        ; Default Value ; Entity Name ; Section Id     ;
+-------------------------------------+------------------------------+---------------+-------------+----------------+
; COMPILER_SIGNATURE_ID               ; 963355904417.169808800205216 ; --            ; --          ; --             ;
; EDA_OUTPUT_DATA_FORMAT              ; Vhdl                         ; --            ; --          ; eda_simulation ;
; EDA_SIMULATION_TOOL                 ; ModelSim-Altera (VHDL)       ; <None>        ; --          ; --             ;
; MAX_CORE_JUNCTION_TEMP              ; 85                           ; --            ; --          ; --             ;
; MIN_CORE_JUNCTION_TEMP              ; 0                            ; --            ; --          ; --             ;
; NOMINAL_CORE_SUPPLY_VOLTAGE         ; 1.2V                         ; --            ; --          ; --             ;
; PARTITION_COLOR                     ; 16764057                     ; --            ; D_FF        ; Top            ;
; PARTITION_FITTER_PRESERVATION_LEVEL ; PLACEMENT_AND_ROUTING        ; --            ; D_FF        ; Top            ;
; PARTITION_NETLIST_TYPE              ; SOURCE                       ; --            ; D_FF        ; Top            ;
; PROJECT_OUTPUT_DIRECTORY            ; output_files                 ; --            ; --          ; --             ;
; TOP_LEVEL_ENTITY                    ; D_FF                         ; laboratorio   ; --          ; --             ;
+-------------------------------------+------------------------------+---------------+-------------+----------------+


+-------------------------------------------------------------------------------------------------------------------------------+
; Flow Elapsed Time                                                                                                             ;
+---------------------------+--------------+-------------------------+---------------------+------------------------------------+
; Module Name               ; Elapsed Time ; Average Processors Used ; Peak Virtual Memory ; Total CPU Time (on all processors) ;
+---------------------------+--------------+-------------------------+---------------------+------------------------------------+
; Analysis & Synthesis      ; 00:00:03     ; 1.0                     ; 473 MB              ; 00:00:02                           ;
; Fitter                    ; 00:00:22     ; 1.0                     ; 813 MB              ; 00:00:20                           ;
; Assembler                 ; 00:00:18     ; 1.0                     ; 406 MB              ; 00:00:07                           ;
; TimeQuest Timing Analyzer ; 00:00:05     ; 1.0                     ; 488 MB              ; 00:00:03                           ;
; EDA Netlist Writer        ; 00:00:02     ; 1.0                     ; 379 MB              ; 00:00:01                           ;
; EDA Netlist Writer        ; 00:00:01     ; 1.0                     ; 371 MB              ; 00:00:01                           ;
; EDA Netlist Writer        ; 00:00:01     ; 1.0                     ; 371 MB              ; 00:00:01                           ;
; EDA Netlist Writer        ; 00:00:01     ; 1.0                     ; 371 MB              ; 00:00:01                           ;
; EDA Netlist Writer        ; 00:00:02     ; 1.0                     ; 387 MB              ; 00:00:01                           ;
; EDA Netlist Writer        ; 00:00:01     ; 1.0                     ; 371 MB              ; 00:00:01                           ;
; EDA Netlist Writer        ; 00:00:01     ; 1.0                     ; 371 MB              ; 00:00:01                           ;
; EDA Netlist Writer        ; 00:00:01     ; 1.0                     ; 371 MB              ; 00:00:01                           ;
; EDA Netlist Writer        ; 00:00:01     ; 1.0                     ; 371 MB              ; 00:00:01                           ;
; EDA Netlist Writer        ; 00:00:01     ; 1.0                     ; 371 MB              ; 00:00:01                           ;
; EDA Netlist Writer        ; 00:00:01     ; 1.0                     ; 371 MB              ; 00:00:01                           ;
; EDA Netlist Writer        ; 00:00:01     ; 1.0                     ; 371 MB              ; 00:00:01                           ;
; EDA Netlist Writer        ; 00:00:01     ; 1.0                     ; 371 MB              ; 00:00:01                           ;
; EDA Netlist Writer        ; 00:00:01     ; 1.0                     ; 371 MB              ; 00:00:01                           ;
; EDA Netlist Writer        ; 00:00:01     ; 1.0                     ; 371 MB              ; 00:00:01                           ;
; EDA Netlist Writer        ; 00:00:01     ; 1.0                     ; 371 MB              ; 00:00:01                           ;
; EDA Netlist Writer        ; 00:00:01     ; 1.0                     ; 371 MB              ; 00:00:01                           ;
; EDA Netlist Writer        ; 00:00:01     ; 1.0                     ; 371 MB              ; 00:00:01                           ;
; EDA Netlist Writer        ; 00:00:01     ; 1.0                     ; 371 MB              ; 00:00:01                           ;
; EDA Netlist Writer        ; 00:00:01     ; 1.0                     ; 371 MB              ; 00:00:01                           ;
; EDA Netlist Writer        ; 00:00:01     ; 1.0                     ; 371 MB              ; 00:00:01                           ;
; Total                     ; 00:01:11     ; --                      ; --                  ; 00:00:53                           ;
+---------------------------+--------------+-------------------------+---------------------+------------------------------------+


+----------------------------------------------------------------------------------------+
; Flow OS Summary                                                                        ;
+---------------------------+------------------+-----------+------------+----------------+
; Module Name               ; Machine Hostname ; OS Name   ; OS Version ; Processor type ;
+---------------------------+------------------+-----------+------------+----------------+
; Analysis & Synthesis      ; NB4              ; Windows 7 ; 6.1        ; x86_64         ;
; Fitter                    ; NB4              ; Windows 7 ; 6.1        ; x86_64         ;
; Assembler                 ; NB4              ; Windows 7 ; 6.1        ; x86_64         ;
; TimeQuest Timing Analyzer ; NB4              ; Windows 7 ; 6.1        ; x86_64         ;
; EDA Netlist Writer        ; NB4              ; Windows 7 ; 6.1        ; x86_64         ;
; EDA Netlist Writer        ; NB4              ; Windows 7 ; 6.1        ; x86_64         ;
; EDA Netlist Writer        ; NB4              ; Windows 7 ; 6.1        ; x86_64         ;
; EDA Netlist Writer        ; NB4              ; Windows 7 ; 6.1        ; x86_64         ;
; EDA Netlist Writer        ; NB4              ; Windows 7 ; 6.1        ; x86_64         ;
; EDA Netlist Writer        ; NB4              ; Windows 7 ; 6.1        ; x86_64         ;
; EDA Netlist Writer        ; NB4              ; Windows 7 ; 6.1        ; x86_64         ;
; EDA Netlist Writer        ; NB4              ; Windows 7 ; 6.1        ; x86_64         ;
; EDA Netlist Writer        ; NB4              ; Windows 7 ; 6.1        ; x86_64         ;
; EDA Netlist Writer        ; NB4              ; Windows 7 ; 6.1        ; x86_64         ;
; EDA Netlist Writer        ; NB4              ; Windows 7 ; 6.1        ; x86_64         ;
; EDA Netlist Writer        ; NB4              ; Windows 7 ; 6.1        ; x86_64         ;
; EDA Netlist Writer        ; NB4              ; Windows 7 ; 6.1        ; x86_64         ;
; EDA Netlist Writer        ; NB4              ; Windows 7 ; 6.1        ; x86_64         ;
; EDA Netlist Writer        ; NB4              ; Windows 7 ; 6.1        ; x86_64         ;
; EDA Netlist Writer        ; NB4              ; Windows 7 ; 6.1        ; x86_64         ;
; EDA Netlist Writer        ; NB4              ; Windows 7 ; 6.1        ; x86_64         ;
; EDA Netlist Writer        ; NB4              ; Windows 7 ; 6.1        ; x86_64         ;
; EDA Netlist Writer        ; NB4              ; Windows 7 ; 6.1        ; x86_64         ;
; EDA Netlist Writer        ; NB4              ; Windows 7 ; 6.1        ; x86_64         ;
; EDA Netlist Writer        ; NB4              ; Windows 7 ; 6.1        ; x86_64         ;
+---------------------------+------------------+-----------+------------+----------------+


------------
; Flow Log ;
------------
quartus_map --read_settings_files=on --write_settings_files=off laboratorio -c laboratorio
quartus_fit --read_settings_files=off --write_settings_files=off laboratorio -c laboratorio
quartus_asm --read_settings_files=off --write_settings_files=off laboratorio -c laboratorio
quartus_sta laboratorio -c laboratorio
quartus_eda --read_settings_files=off --write_settings_files=off laboratorio -c laboratorio
quartus_eda --gen_testbench --check_outputs=on --tool=modelsim_oem --format=verilog laboratorio -c laboratorio --vector_source="G:/2. TYDD 2/Waveformffjk.vwf" --testbench_file=./simulation/qsim/laboratorio.vt
quartus_eda --functional=on --simulation=on --tool=modelsim_oem --format=verilog laboratorio -c laboratorio
quartus_eda --gen_testbench --check_outputs=on --tool=modelsim_oem --format=verilog laboratorio -c laboratorio --vector_source="G:/2. TYDD 2/Waveformffjk.vwf" --testbench_file=./simulation/qsim/laboratorio.vt
quartus_eda --functional=off --timescale=1ps --simulation=on --tool=modelsim_oem --format=verilog laboratorio -c laboratorio
quartus_eda --gen_testbench --check_outputs=on --tool=modelsim_oem --format=verilog laboratorio -c laboratorio --vector_source="G:/2. TYDD 2/Waveformffjk.vwf" --testbench_file=./simulation/qsim/laboratorio.vt
quartus_eda --functional=on --simulation=on --tool=modelsim_oem --format=verilog laboratorio -c laboratorio
quartus_eda --gen_testbench --check_outputs=on --tool=modelsim_oem --format=verilog laboratorio -c laboratorio --vector_source="G:/2. TYDD 2/Waveformffjk.vwf" --testbench_file=./simulation/qsim/laboratorio.vt
quartus_eda --functional=on --simulation=on --tool=modelsim_oem --format=verilog laboratorio -c laboratorio
quartus_eda --gen_testbench --check_outputs=on --tool=modelsim_oem --format=verilog laboratorio -c laboratorio --vector_source="G:/2. TYDD 2/Waveformffjk.vwf" --testbench_file=./simulation/qsim/laboratorio.vt
quartus_eda --functional=on --simulation=on --tool=modelsim_oem --format=verilog laboratorio -c laboratorio
quartus_eda --gen_testbench --check_outputs=on --tool=modelsim_oem --format=verilog laboratorio -c laboratorio --vector_source="G:/2. TYDD 2/Waveformffjk.vwf" --testbench_file=./simulation/qsim/laboratorio.vt
quartus_eda --functional=on --simulation=on --tool=modelsim_oem --format=verilog laboratorio -c laboratorio
quartus_eda --gen_testbench --check_outputs=on --tool=modelsim_oem --format=verilog laboratorio -c laboratorio --vector_source="G:/2. TYDD 2/Waveformffjk.vwf" --testbench_file=./simulation/qsim/laboratorio.vt
quartus_eda --functional=on --simulation=on --tool=modelsim_oem --format=verilog laboratorio -c laboratorio
quartus_eda --gen_testbench --check_outputs=on --tool=modelsim_oem --format=verilog laboratorio -c laboratorio --vector_source="G:/2. TYDD 2/Waveformffjk.vwf" --testbench_file=./simulation/qsim/laboratorio.vt
quartus_eda --functional=on --simulation=on --tool=modelsim_oem --format=verilog laboratorio -c laboratorio
quartus_eda --gen_testbench --check_outputs=on --tool=modelsim_oem --format=verilog laboratorio -c laboratorio --vector_source="G:/2. TYDD 2/Waveformffjk.vwf" --testbench_file=./simulation/qsim/laboratorio.vt
quartus_eda --functional=on --simulation=on --tool=modelsim_oem --format=verilog laboratorio -c laboratorio
quartus_eda --gen_testbench --check_outputs=on --tool=modelsim_oem --format=verilog laboratorio -c laboratorio --vector_source="G:/2. TYDD 2/Waveform.vwf" --testbench_file=./simulation/qsim/laboratorio.vt
quartus_eda --functional=on --simulation=on --tool=modelsim_oem --format=verilog laboratorio -c laboratorio



